TN:
SF:src\App.ts
FN:16,(anonymous_1)
FN:38,(anonymous_2)
FN:47,(anonymous_3)
FN:67,(anonymous_4)
FN:77,(anonymous_5)
FN:84,(anonymous_6)
FNF:6
FNH:6
FNDA:4,(anonymous_1)
FNDA:4,(anonymous_2)
FNDA:4,(anonymous_3)
FNDA:1,(anonymous_4)
FNDA:2,(anonymous_5)
FNDA:4,(anonymous_6)
DA:1,4
DA:2,4
DA:3,4
DA:4,4
DA:6,4
DA:7,4
DA:8,4
DA:9,4
DA:11,4
DA:17,4
DA:18,4
DA:21,4
DA:24,4
DA:27,4
DA:30,4
DA:31,4
DA:39,4
DA:40,4
DA:41,4
DA:51,4
DA:52,4
DA:53,4
DA:57,4
DA:64,4
DA:74,1
DA:81,2
DA:85,4
LF:27
LH:27
BRDA:30,0,0,4
BRDA:30,1,0,4
BRDA:30,1,1,4
BRF:3
BRH:3
end_of_record
TN:
SF:src\db.server.ts
FNF:0
FNH:0
DA:1,4
DA:3,4
DA:5,4
DA:11,4
LF:4
LH:4
BRDA:6,0,0,4
BRDA:6,0,1,4
BRDA:11,1,0,4
BRF:3
BRH:3
end_of_record
TN:
SF:src\global.ts
FN:9,(anonymous_0)
FNF:1
FNH:1
FNDA:4,(anonymous_0)
DA:9,4
DA:10,4
LF:2
LH:2
BRF:0
BRH:0
end_of_record
TN:
SF:src\routes.ts
FN:9,registerRoutes
FNF:1
FNH:1
FNDA:4,registerRoutes
DA:1,4
DA:2,4
DA:3,4
DA:9,4
DA:10,4
DA:14,4
DA:15,4
DA:17,4
DA:19,4
LF:9
LH:9
BRF:0
BRH:0
end_of_record
TN:
SF:src\abstractions\ApiError.ts
FN:19,(anonymous_0)
FNF:1
FNH:1
FNDA:1,(anonymous_0)
DA:13,1
DA:15,1
DA:20,1
DA:21,1
DA:22,1
DA:23,1
DA:27,4
LF:7
LH:7
BRDA:19,0,0,1
BRF:1
BRH:1
end_of_record
TN:
SF:src\components\BaseApi.ts
FN:12,(anonymous_1)
FN:23,(anonymous_2)
FNF:2
FNH:2
FNDA:8,(anonymous_1)
FNDA:13,(anonymous_2)
DA:1,4
DA:2,4
DA:3,4
DA:4,4
DA:9,4
DA:13,8
DA:24,13
DA:25,13
DA:26,13
DA:30,13
DA:32,13
DA:33,0
DA:35,13
LF:13
LH:12
BRDA:23,0,0,8
BRDA:26,1,0,13
BRDA:27,2,0,13
BRDA:27,2,1,13
BRDA:32,3,0,0
BRF:5
BRH:4
end_of_record
TN:
SF:src\components\system-status\system-status.controller.ts
FN:21,(anonymous_7)
FN:36,(anonymous_8)
FN:67,(anonymous_9)
FN:85,(anonymous_10)
FN:112,(anonymous_11)
FN:146,(anonymous_12)
FNF:6
FNH:6
FNDA:4,(anonymous_7)
FNDA:1,(anonymous_8)
FNDA:1,(anonymous_9)
FNDA:1,(anonymous_10)
FNDA:1,(anonymous_11)
FNDA:1,(anonymous_12)
DA:1,4
DA:2,4
DA:4,4
DA:5,4
DA:6,4
DA:17,4
DA:22,4
DA:23,4
DA:24,4
DA:25,4
DA:26,4
DA:27,4
DA:41,1
DA:42,1
DA:53,1
DA:55,1
DA:57,0
DA:68,1
DA:69,1
DA:75,1
DA:90,1
DA:91,1
DA:92,1
DA:95,1
DA:99,1
DA:100,1
DA:102,0
DA:117,1
DA:118,1
DA:119,1
DA:120,1
DA:122,1
DA:133,1
DA:134,1
DA:136,0
DA:151,1
DA:152,1
DA:161,1
DA:162,1
DA:164,0
LF:40
LH:36
BRF:0
BRH:0
end_of_record
TN:
SF:src\components\user\user.controller.ts
FN:9,(anonymous_7)
FN:23,(anonymous_8)
FN:44,(anonymous_9)
FN:66,(anonymous_10)
FN:87,(anonymous_11)
FN:115,(anonymous_12)
FNF:6
FNH:6
FNDA:4,(anonymous_7)
FNDA:1,(anonymous_8)
FNDA:1,(anonymous_9)
FNDA:1,(anonymous_10)
FNDA:3,(anonymous_11)
FNDA:3,(anonymous_12)
DA:2,4
DA:4,4
DA:5,4
DA:8,4
DA:10,4
DA:11,4
DA:12,4
DA:13,4
DA:14,4
DA:15,4
DA:28,1
DA:29,1
DA:30,1
DA:32,1
DA:34,0
DA:49,1
DA:50,1
DA:51,1
DA:52,1
DA:53,1
DA:55,0
DA:57,0
DA:71,1
DA:72,1
DA:73,1
DA:74,1
DA:76,0
DA:78,0
DA:92,3
DA:93,3
DA:96,1
DA:97,1
DA:99,1
DA:101,0
DA:103,2
DA:104,2
DA:106,0
DA:120,3
DA:121,3
DA:125,1
DA:126,1
DA:128,1
DA:130,0
DA:132,2
DA:136,2
DA:138,0
LF:46
LH:37
BRDA:51,0,0,1
BRDA:72,1,0,1
BRDA:96,2,0,1
BRDA:103,3,0,2
BRDA:125,4,0,1
BRDA:132,5,0,2
BRDA:133,6,0,2
BRDA:133,6,1,1
BRF:8
BRH:8
end_of_record
TN:
SF:src\components\user\user.service.ts
FN:8,(anonymous_1)
FN:21,(anonymous_2)
FN:37,(anonymous_3)
FN:77,(anonymous_4)
FNF:4
FNH:4
FNDA:1,(anonymous_1)
FNDA:1,(anonymous_2)
FNDA:3,(anonymous_3)
FNDA:3,(anonymous_4)
DA:1,4
DA:2,4
DA:3,4
DA:4,4
DA:5,4
DA:8,4
DA:9,1
DA:21,4
DA:22,1
DA:37,4
DA:40,3
DA:45,3
DA:46,2
DA:48,1
DA:49,1
DA:51,1
DA:52,1
DA:54,1
DA:69,1
DA:77,4
DA:81,3
DA:86,3
DA:87,1
DA:90,2
DA:96,2
DA:97,2
DA:98,1
DA:100,1
LF:28
LH:28
BRDA:45,0,0,2
BRDA:86,1,0,1
BRDA:97,2,0,1
BRF:3
BRH:3
end_of_record
TN:
SF:src\environments\environment.constant.ts
FN:1,(anonymous_0)
FN:10,(anonymous_1)
FNF:2
FNH:2
FNDA:6,(anonymous_0)
FNDA:6,(anonymous_1)
DA:1,6
DA:2,6
DA:3,6
DA:4,6
DA:5,6
DA:6,6
DA:7,6
DA:10,6
DA:11,6
DA:12,6
DA:13,6
DA:14,6
DA:15,6
DA:16,6
DA:19,6
LF:15
LH:15
BRDA:1,0,0,6
BRDA:1,0,1,6
BRDA:10,1,0,6
BRDA:10,1,1,6
BRF:4
BRH:4
end_of_record
TN:
SF:src\environments\environment.ts
FN:21,(anonymous_6)
FN:34,(anonymous_7)
FN:42,(anonymous_8)
FN:72,(anonymous_9)
FN:80,(anonymous_10)
FN:91,(anonymous_11)
FN:99,(anonymous_12)
FNF:7
FNH:7
FNDA:16,(anonymous_6)
FNDA:54,(anonymous_7)
FNDA:20,(anonymous_8)
FNDA:14,(anonymous_9)
FNDA:8,(anonymous_10)
FNDA:18,(anonymous_11)
FNDA:1,(anonymous_12)
DA:1,6
DA:2,6
DA:3,6
DA:5,6
DA:22,16
DA:23,16
DA:24,16
DA:25,16
DA:26,16
DA:27,16
DA:35,54
DA:44,20
DA:45,20
DA:46,20
DA:48,1
DA:49,1
DA:51,14
DA:52,14
DA:54,1
DA:55,1
DA:57,2
DA:58,2
DA:60,2
DA:62,20
DA:63,2
DA:65,18
DA:73,14
DA:81,8
DA:92,18
DA:100,1
DA:104,6
LF:31
LH:31
BRDA:22,0,0,16
BRDA:22,0,1,8
BRDA:22,0,2,1
BRDA:24,1,0,16
BRDA:24,1,1,1
BRDA:44,2,0,20
BRDA:44,2,1,1
BRDA:46,3,0,1
BRDA:46,3,1,14
BRDA:46,3,2,1
BRDA:46,3,3,2
BRDA:46,3,4,2
BRDA:62,4,0,2
BRDA:82,5,0,8
BRDA:82,5,1,8
BRF:15
BRH:15
end_of_record
TN:
SF:src\lib\crypto.ts
FN:23,(anonymous_6)
FN:71,(anonymous_7)
FNF:2
FNH:2
FNDA:3,(anonymous_6)
FNDA:3,(anonymous_7)
DA:1,5
DA:3,5
DA:5,5
DA:11,5
DA:15,5
DA:18,5
DA:21,5
DA:25,3
DA:26,3
DA:29,3
DA:32,3
DA:45,3
DA:52,3
DA:57,3
DA:60,3
DA:63,3
DA:68,3
DA:73,3
DA:74,3
DA:78,3
DA:81,3
DA:90,3
DA:96,3
DA:99,3
DA:102,3
DA:105,3
DA:111,3
DA:115,3
DA:118,3
LF:29
LH:29
BRF:0
BRH:0
end_of_record
TN:
SF:src\lib\logger.ts
FNF:0
FNH:0
DA:1,4
DA:3,4
DA:5,4
DA:7,4
DA:8,0
DA:11,4
DA:19,4
LF:7
LH:6
BRDA:7,0,0,0
BRF:1
BRH:0
end_of_record
TN:
SF:src\middleware\auth.ts
FN:7,(anonymous_1)
FNF:1
FNH:1
FNDA:5,(anonymous_1)
DA:2,4
DA:4,4
DA:7,4
DA:8,5
DA:9,5
DA:10,3
DA:11,3
DA:26,3
DA:28,2
DA:29,2
DA:30,2
DA:32,3
DA:36,4
LF:13
LH:13
BRDA:26,0,0,1
BRF:1
BRH:1
end_of_record
TN:
SF:src\middleware\error-handler.ts
FN:8,(anonymous_7)
FNF:1
FNH:1
FNDA:3,(anonymous_7)
DA:1,4
DA:3,4
DA:5,4
DA:6,4
DA:8,4
DA:14,3
DA:15,3
DA:16,3
DA:23,3
DA:32,3
DA:33,0
DA:35,3
DA:36,0
DA:38,3
DA:39,3
DA:41,3
DA:44,4
LF:17
LH:15
BRDA:14,0,0,3
BRDA:15,1,0,3
BRDA:15,1,1,1
BRDA:25,2,0,3
BRDA:25,2,1,2
BRDA:32,3,0,0
BRDA:32,4,0,3
BRDA:32,4,1,3
BRDA:35,5,0,0
BRDA:35,6,0,3
BRDA:35,6,1,3
BRF:11
BRH:9
end_of_record
TN:
SF:src\utils\passwordUtils.ts
FN:5,(anonymous_1)
FN:13,(anonymous_2)
FN:16,(anonymous_3)
FN:19,(anonymous_4)
FN:22,(anonymous_5)
FN:29,(anonymous_6)
FN:36,(anonymous_7)
FNF:7
FNH:2
FNDA:0,(anonymous_1)
FNDA:1,(anonymous_2)
FNDA:0,(anonymous_3)
FNDA:0,(anonymous_4)
FNDA:0,(anonymous_5)
FNDA:0,(anonymous_6)
FNDA:1,(anonymous_7)
DA:2,4
DA:4,4
DA:6,0
DA:7,0
DA:8,0
DA:9,0
DA:10,0
DA:11,0
DA:14,1
DA:17,0
DA:20,0
DA:23,0
DA:24,0
DA:25,0
DA:27,0
DA:30,0
DA:31,0
DA:34,0
DA:37,1
DA:44,1
DA:46,0
DA:49,4
LF:22
LH:6
BRDA:9,0,0,0
BRDA:24,1,0,0
BRDA:30,2,0,0
BRDA:37,3,0,1
BRF:4
BRH:1
end_of_record
